<?xml version="1.0" encoding="UTF-8"?>
<!-- Generated by org.testng.reporters.JUnitReportReporter -->
<testsuite hostname="LAPTOP-8AAVMEOH" failures="0" tests="1" name="com.qa.test.ApiDeleteTest" time="1.956" errors="0" timestamp="2021-04-26T21:15:37 MST" skipped="0">
  <testcase classname="com.qa.test.ApiDeleteTest" name="verifyDeleteMessage" time="1.956"/>
  <system-out/>
</testsuite> <!-- com.qa.test.ApiDeleteTest -->
